uic/CS 478 - Software Development for Mobile Platforms/ServiceWithIPCExampleService/app/build/outputs/logs/manifest-merger-debug-report.txt
-- Merging decision tree log ---
manifest
ADDED from src\main\AndroidManifest.xml:2:1-25:12
INJECTED from src\main\AndroidManifest.xml:2:1-25:12
INJECTED from src\main\AndroidManifest.xml:2:1-25:12
INJECTED from src\main\AndroidManifest.xml:2:1-25:12
INJECTED from src\main\AndroidManifest.xml:2:1-25:12
INJECTED from src\main\AndroidManifest.xml:2:1-25:12
INJECTED from src\main\AndroidManifest.xml:2:1-25:12
	package
		ADDED from src\main\AndroidManifest.xml:3:5-50
		INJECTED from src\main\AndroidManifest.xml
		INJECTED from src\main\AndroidManifest.xml
	android:versionName
		ADDED from src\main\AndroidManifest.xml:5:5-30
		INJECTED from src\main\AndroidManifest.xml
		INJECTED from src\main\AndroidManifest.xml
	xmlns:android
		ADDED from src\main\AndroidManifest.xml:2:11-69
	android:versionCode
		ADDED from src\main\AndroidManifest.xml:4:5-28
		INJECTED from src\main\AndroidManifest.xml
		INJECTED from src\main\AndroidManifest.xml
permission#course.examples.Services.KeyService.GEN_ID
ADDED from src\main\AndroidManifest.xml:7:5-8:18
	android:name
		ADDED from src\main\AndroidManifest.xml:7:17-74
application
ADDED from src\main\AndroidManifest.xml:10:5-23:19
	android:icon
		ADDED from src\main\AndroidManifest.xml:12:9-45
	android:allowBackup
		ADDED from src\main\AndroidManifest.xml:11:9-36
service#course.examples.Services.KeyService.KeyGeneratorImpl
ADDED from src\main\AndroidManifest.xml:14:9-22:19
	android:label
		ADDED from src\main\AndroidManifest.xml:15:13-45
	android:exported
		ADDED from src\main\AndroidManifest.xml:17:13-36
	android:permission
		ADDED from src\main\AndroidManifest.xml:18:13-76
	android:name
		ADDED from src\main\AndroidManifest.xml:16:13-45
intent-filter#action:name:course.examples.Services.KeyCommon.KeyGenerator
ADDED from src\main\AndroidManifest.xml:19:13-21:29
action#course.examples.Services.KeyCommon.KeyGenerator
ADDED from src\main\AndroidManifest.xml:20:17-90
	android:name
		ADDED from src\main\AndroidManifest.xml:20:25-87
uses-sdk
INJECTED from src\main\AndroidManifest.xml reason: use-sdk injection requested
INJECTED from src\main\AndroidManifest.xml
INJECTED from src\main\AndroidManifest.xml
INJECTED from src\main\AndroidManifest.xml
INJECTED from src\main\AndroidManifest.xml
	android:targetSdkVersion
		INJECTED from src\main\AndroidManifest.xml
		ADDED from src\main\AndroidManifest.xml
		INJECTED from src\main\AndroidManifest.xml
	android:minSdkVersion
		INJECTED from src\main\AndroidManifest.xml
		ADDED from src\main\AndroidManifest.xml
		INJECTED from src\main\AndroidManifest.xml